e:\linedemo\linedemo\x64\debug\linedemo.pch
e:\linedemo\linedemo\x64\debug\vc142.pdb
e:\linedemo\linedemo\x64\debug\vc142.idb
e:\linedemo\linedemo\x64\debug\pch.obj
e:\linedemo\linedemo\x64\debug\viewtree.obj
e:\linedemo\linedemo\x64\debug\propertieswnd.obj
e:\linedemo\linedemo\x64\debug\outputwnd.obj
e:\linedemo\linedemo\x64\debug\mainfrm.obj
e:\linedemo\linedemo\x64\debug\linedemoview.obj
e:\linedemo\linedemo\x64\debug\linedemodoc.obj
e:\linedemo\linedemo\x64\debug\linedemo.obj
e:\linedemo\linedemo\x64\debug\fileview.obj
e:\linedemo\linedemo\x64\debug\cline.obj
e:\linedemo\linedemo\x64\debug\classview.obj
e:\linedemo\x64\debug\linedemo.exe
e:\linedemo\x64\debug\linedemo.ilk
e:\linedemo\x64\debug\linedemo.pdb
e:\linedemo\linedemo\x64\debug\linedemo.res
e:\linedemo\linedemo\x64\debug\linedemo.tlog\cl.command.1.tlog
e:\linedemo\linedemo\x64\debug\linedemo.tlog\cl.read.1.tlog
e:\linedemo\linedemo\x64\debug\linedemo.tlog\cl.write.1.tlog
e:\linedemo\linedemo\x64\debug\linedemo.tlog\link.command.1.tlog
e:\linedemo\linedemo\x64\debug\linedemo.tlog\link.read.1.tlog
e:\linedemo\linedemo\x64\debug\linedemo.tlog\link.write.1.tlog
e:\linedemo\linedemo\x64\debug\linedemo.tlog\rc.command.1.tlog
e:\linedemo\linedemo\x64\debug\linedemo.tlog\rc.read.1.tlog
e:\linedemo\linedemo\x64\debug\linedemo.tlog\rc.write.1.tlog
